Determining if the pthread_create exist failed with the following output:
Change Dir: /home/yriy/CLionProjects/Boost_server_1/cmake-build-debug/CMakeFiles/CMakeTmp

Run Build Command:"/usr/bin/make" "cmTC_61b56/fast"
/usr/bin/make -f CMakeFiles/cmTC_61b56.dir/build.make CMakeFiles/cmTC_61b56.dir/build
make[1]: вход в каталог «/home/yriy/CLionProjects/Boost_server_1/cmake-build-debug/CMakeFiles/CMakeTmp»
Building C object CMakeFiles/cmTC_61b56.dir/CheckSymbolExists.c.o
/usr/bin/cc     -o CMakeFiles/cmTC_61b56.dir/CheckSymbolExists.c.o   -c /home/yriy/CLionProjects/Boost_server_1/cmake-build-debug/CMakeFiles/CMakeTmp/CheckSymbolExists.c
Linking C executable cmTC_61b56
/home/yriy/Clion/bin/cmake/bin/cmake -E cmake_link_script CMakeFiles/cmTC_61b56.dir/link.txt --verbose=1
/usr/bin/cc       CMakeFiles/cmTC_61b56.dir/CheckSymbolExists.c.o  -o cmTC_61b56 
CMakeFiles/cmTC_61b56.dir/CheckSymbolExists.c.o: In function `main':
CheckSymbolExists.c:(.text+0x16): undefined reference to `pthread_create'
collect2: error: ld returned 1 exit status
CMakeFiles/cmTC_61b56.dir/build.make:97: ошибка выполнения рецепта для цели «cmTC_61b56»
make[1]: *** [cmTC_61b56] Ошибка 1
make[1]: выход из каталога «/home/yriy/CLionProjects/Boost_server_1/cmake-build-debug/CMakeFiles/CMakeTmp»
Makefile:126: ошибка выполнения рецепта для цели «cmTC_61b56/fast»
make: *** [cmTC_61b56/fast] Ошибка 2

File /home/yriy/CLionProjects/Boost_server_1/cmake-build-debug/CMakeFiles/CMakeTmp/CheckSymbolExists.c:
/* */
#include <pthread.h>

int main(int argc, char** argv)
{
  (void)argv;
#ifndef pthread_create
  return ((int*)(&pthread_create))[argc];
#else
  (void)argc;
  return 0;
#endif
}

Determining if the function pthread_create exists in the pthreads failed with the following output:
Change Dir: /home/yriy/CLionProjects/Boost_server_1/cmake-build-debug/CMakeFiles/CMakeTmp

Run Build Command:"/usr/bin/make" "cmTC_15f3f/fast"
/usr/bin/make -f CMakeFiles/cmTC_15f3f.dir/build.make CMakeFiles/cmTC_15f3f.dir/build
make[1]: вход в каталог «/home/yriy/CLionProjects/Boost_server_1/cmake-build-debug/CMakeFiles/CMakeTmp»
Building C object CMakeFiles/cmTC_15f3f.dir/CheckFunctionExists.c.o
/usr/bin/cc    -DCHECK_FUNCTION_EXISTS=pthread_create   -o CMakeFiles/cmTC_15f3f.dir/CheckFunctionExists.c.o   -c /home/yriy/Clion/bin/cmake/share/cmake-3.7/Modules/CheckFunctionExists.c
Linking C executable cmTC_15f3f
/home/yriy/Clion/bin/cmake/bin/cmake -E cmake_link_script CMakeFiles/cmTC_15f3f.dir/link.txt --verbose=1
/usr/bin/cc   -DCHECK_FUNCTION_EXISTS=pthread_create    CMakeFiles/cmTC_15f3f.dir/CheckFunctionExists.c.o  -o cmTC_15f3f -lpthreads 
/usr/bin/ld: cannot find -lpthreads
collect2: error: ld returned 1 exit status
CMakeFiles/cmTC_15f3f.dir/build.make:97: ошибка выполнения рецепта для цели «cmTC_15f3f»
make[1]: *** [cmTC_15f3f] Ошибка 1
make[1]: выход из каталога «/home/yriy/CLionProjects/Boost_server_1/cmake-build-debug/CMakeFiles/CMakeTmp»
Makefile:126: ошибка выполнения рецепта для цели «cmTC_15f3f/fast»
make: *** [cmTC_15f3f/fast] Ошибка 2


